<?xml version="1.0" encoding="UTF-8"?>
<!-- Generated by org.testng.reporters.JUnitReportReporter -->
<testsuite hostname="DESKTOP-PGOBIND" failures="0" tests="2" name="technicalAssessmentOA.technicalAssessmentOA.TC_MS_0001" time="25.959" errors="0" timestamp="2022-10-05T17:47:38 IST" skipped="0">
  <testcase classname="technicalAssessmentOA.technicalAssessmentOA.TC_MS_0001" name="NavigateToHomepage" time="13.015"/>
  <system-out/>
  <testcase classname="technicalAssessmentOA.technicalAssessmentOA.TC_MS_0001" name="SearchItem" time="12.944"/>
  <system-out/>
</testsuite> <!-- technicalAssessmentOA.technicalAssessmentOA.TC_MS_0001 -->
