<?xml version="1.0" encoding="UTF-8"?>
<!-- Generated by org.testng.reporters.JUnitReportReporter -->
<testsuite hostname="DESKTOP-PGOBIND" failures="0" tests="4" name="technicalAssessmentOA.technicalAssessmentOA.MyStore" time="81.438" errors="0" timestamp="2022-10-07T14:15:25 IST" skipped="0">
  <testcase classname="technicalAssessmentOA.technicalAssessmentOA.MyStore" name="TC_001_NavigateToHomepage" time="15.269"/>
  <system-out/>
  <testcase classname="technicalAssessmentOA.technicalAssessmentOA.MyStore" name="TC_002_SearchItem" time="18.802"/>
  <system-out/>
  <testcase classname="technicalAssessmentOA.technicalAssessmentOA.MyStore" name="TC_003_filterSearch" time="20.771"/>
  <system-out/>
  <testcase classname="technicalAssessmentOA.technicalAssessmentOA.MyStore" name="TC_004_Addtocart" time="26.596"/>
  <system-out/>
</testsuite> <!-- technicalAssessmentOA.technicalAssessmentOA.MyStore -->
